<?xml version="1.0" encoding="UTF-8"?>
<testng-results skipped="0" failed="0" ignored="0" total="1" passed="1">
  <reporter-output>
  </reporter-output>
  <suite name="Default suite" duration-ms="54" started-at="2018-03-01T13:56:27Z" finished-at="2018-03-01T13:56:27Z">
    <groups>
    </groups>
    <test name="Default test" duration-ms="54" started-at="2018-03-01T13:56:27Z" finished-at="2018-03-01T13:56:27Z">
      <class name="firstJenkins.FirstJenkisSelenium">
        <test-method status="PASS" signature="test1()[pri:0, instance:firstJenkins.FirstJenkisSelenium@646d64ab]" name="test1" duration-ms="16" started-at="2018-03-01T13:56:27Z" finished-at="2018-03-01T13:56:27Z">
          <reporter-output>
          </reporter-output>
        </test-method> <!-- test1 -->
      </class> <!-- firstJenkins.FirstJenkisSelenium -->
    </test> <!-- Default test -->
  </suite> <!-- Default suite -->
</testng-results>
